<?xml version="1.0" encoding="UTF-8"?>
<testng-results skipped="0" failed="0" ignored="0" total="1" passed="1">
  <reporter-output>
  </reporter-output>
  <suite name="Command line suite" duration-ms="33" started-at="2019-08-12T18:04:12 AEST" finished-at="2019-08-12T18:04:12 AEST">
    <groups>
    </groups>
    <test name="Command line test" duration-ms="33" started-at="2019-08-12T18:04:12 AEST" finished-at="2019-08-12T18:04:12 AEST">
      <class name="BaseTest">
        <test-method status="PASS" signature="SampleTest()[pri:0, instance:BaseTest@d7b1517]" name="SampleTest" duration-ms="4" started-at="2019-08-12T18:04:12 AEST" finished-at="2019-08-12T18:04:12 AEST">
          <reporter-output>
          </reporter-output>
        </test-method> <!-- SampleTest -->
      </class> <!-- BaseTest -->
    </test> <!-- Command line test -->
  </suite> <!-- Command line suite -->
</testng-results>
